<?xml version="1.0" encoding="UTF-8"?>
<!-- Generated by org.testng.reporters.JUnitReportReporter -->
<testsuite hostname="LAPTOP-1C7KLKVI" failures="0" tests="5" name="com.testng.test.LoginTest" time="27.945" errors="0" timestamp="15 Dec 2024 03:10:26 GMT">
  <testcase classname="com.testng.test.LoginTest" name="validlogin" time="5.704"/>
  <testcase classname="com.testng.test.LoginTest" name="RememberUsernameCheck" time="7.461"/>
  <testcase classname="com.testng.test.LoginTest" name="forgotpassword" time="3.308"/>
  <testcase classname="com.testng.test.LoginTest" name="passworderrormessage" time="6.634"/>
  <testcase classname="com.testng.test.LoginTest" name="loginwithinvalidpassword" time="4.838"/>
</testsuite> <!-- com.testng.test.LoginTest -->
