<?xml version="1.0" encoding="UTF-8"?>
<!-- Generated by org.testng.reporters.JUnitReportReporter -->
<testsuite hostname="LAPTOP-1C7KLKVI" failures="0" tests="5" name="com.testng.test.LoginTest" time="26.207" errors="0" timestamp="15 Dec 2024 04:04:20 GMT">
  <testcase classname="com.testng.test.LoginTest" name="RememberUsernameCheck" time="10.120"/>
  <testcase classname="com.testng.test.LoginTest" name="passworderrormessage" time="3.570"/>
  <testcase classname="com.testng.test.LoginTest" name="loginwithinvalidpassword" time="5.400"/>
  <testcase classname="com.testng.test.LoginTest" name="forgotpassword" time="3.127"/>
  <testcase classname="com.testng.test.LoginTest" name="validlogin" time="3.990"/>
</testsuite> <!-- com.testng.test.LoginTest -->
